2020-11-10T17:28:09.269+0800 INFO getPlayer()
2020-11-10T17:28:29.895+0800 INFO addPlayer()
2020-11-10T17:28:43.580+0800 INFO getPlayer()
2020-11-10T17:28:49.468+0800 INFO getAllPlayers()
2020-11-10T17:28:53.595+0800 INFO updatePlayer()
2020-11-10T17:28:53.596+0800 INFO getPlayer()
2020-11-10T17:28:53.597+0800 DEBUG Index=0
2020-11-10T17:28:55.934+0800 INFO getAllPlayers()
2020-11-10T17:30:49.968+0800 INFO [p-nio-80-exec-1] getAllPlayers()
2020-11-10T17:42:37.457+0800 INFO [p-nio-80-exec-1] getAllPlayers()
2020-11-10T17:42:53.286+0800 INFO [p-nio-80-exec-2] updatePlayer()
2020-11-10T17:42:53.286+0800 INFO [p-nio-80-exec-2] getPlayer()
2020-11-11T11:31:50.581+0800 INFO [p-nio-80-exec-1] getAllPlayers()
2020-11-11T11:32:23.625+0800 INFO [p-nio-80-exec-2] addPlayer()
2020-11-11T16:30:03.183+0800 INFO [p-nio-80-exec-1] getAllPlayers()
2020-11-11T16:30:38.167+0800 INFO [p-nio-80-exec-2] addPlayer()
2020-11-23T16:28:01.518+0800 INFO [p-nio-80-exec-2] addPlayer()
2020-11-23T16:28:16.730+0800 INFO [p-nio-80-exec-4] getAllPlayers()
2020-11-23T16:44:09.040+0800 INFO [p-nio-80-exec-2] addPlayer()
2020-11-23T16:44:18.508+0800 INFO [p-nio-80-exec-3] getAllPlayers()
2020-11-23T16:47:15.511+0800 INFO [p-nio-80-exec-2] getAllPlayers()
2020-11-23T16:47:21.181+0800 INFO [p-nio-80-exec-3] getAllPlayers()
2020-11-23T16:47:21.953+0800 INFO [p-nio-80-exec-4] getAllPlayers()
2020-11-23T16:47:22.857+0800 INFO [p-nio-80-exec-5] getAllPlayers()
2020-11-23T16:47:23.746+0800 INFO [p-nio-80-exec-6] getAllPlayers()
2020-11-23T16:47:24.433+0800 INFO [p-nio-80-exec-7] getAllPlayers()
2020-11-23T16:47:25.041+0800 INFO [p-nio-80-exec-8] getAllPlayers()
2020-11-23T16:47:25.448+0800 INFO [p-nio-80-exec-9] getAllPlayers()
2020-11-23T16:47:25.935+0800 INFO [-nio-80-exec-10] getAllPlayers()
2020-11-23T16:47:26.480+0800 INFO [p-nio-80-exec-1] getAllPlayers()
2020-11-23T16:47:27.037+0800 INFO [p-nio-80-exec-2] getAllPlayers()
2020-11-23T16:47:28.087+0800 INFO [p-nio-80-exec-3] getAllPlayers()
2020-11-23T16:47:29.814+0800 INFO [p-nio-80-exec-4] getAllPlayers()
2020-11-23T16:47:30.672+0800 INFO [p-nio-80-exec-5] getAllPlayers()
2020-11-23T16:47:31.368+0800 INFO [p-nio-80-exec-6] getAllPlayers()
2020-11-23T16:47:32.076+0800 INFO [p-nio-80-exec-7] getAllPlayers()
2020-11-23T16:47:32.702+0800 INFO [p-nio-80-exec-8] getAllPlayers()
2020-11-23T16:47:33.383+0800 INFO [p-nio-80-exec-9] getAllPlayers()
2020-11-23T16:47:33.933+0800 INFO [-nio-80-exec-10] getAllPlayers()
2020-11-23T16:56:34.576+0800 INFO [p-nio-80-exec-2] getAllPlayers()
2020-11-23T17:02:11.558+0800 INFO [p-nio-80-exec-2] getAllPlayers()
2020-11-23T17:02:58.421+0800 INFO [p-nio-80-exec-6] getAllPlayers()
2020-11-23T17:02:59.492+0800 INFO [p-nio-80-exec-7] getAllPlayers()
2020-11-23T17:03:00.353+0800 INFO [p-nio-80-exec-8] getAllPlayers()
